Traceback (most recent call last):
  File "C:\Spyder\envs\webpython\lib\site-packages\spyder\app\mainwindow.py", line 3011, in main
    mainwindow = run_spyder(app, options, args)
  File "C:\Spyder\envs\webpython\lib\site-packages\spyder\app\mainwindow.py", line 2913, in run_spyder
    main.setup()
  File "C:\Spyder\envs\webpython\lib\site-packages\spyder\app\mainwindow.py", line 860, in setup
    from spyder.plugins.externalconsole import ExternalConsole
  File "C:\Spyder\envs\webpython\lib\site-packages\spyder\plugins\externalconsole.py", line 39, in <module>
    from spyder.widgets.externalshell.pythonshell import ExternalPythonShell
  File "C:\Spyder\envs\webpython\lib\site-packages\spyder\widgets\externalshell\pythonshell.py", line 34, in <module>
    from spyder.widgets.variableexplorer.namespacebrowser import NamespaceBrowser
  File "C:\Spyder\envs\webpython\lib\site-packages\spyder\widgets\variableexplorer\namespacebrowser.py", line 26, in <module>
    import ipykernel.pickleutil
  File "C:\Spyder\envs\webpython\lib\site-packages\ipykernel\__init__.py", line 2, in <module>
    from .connect import *
  File "C:\Spyder\envs\webpython\lib\site-packages\ipykernel\connect.py", line 13, in <module>
    from IPython.core.profiledir import ProfileDir
  File "C:\Spyder\envs\webpython\lib\site-packages\IPython\__init__.py", line 49, in <module>
    from .terminal.embed import embed
  File "C:\Spyder\envs\webpython\lib\site-packages\IPython\terminal\embed.py", line 17, in <module>
    from IPython.core.interactiveshell import DummyMod, InteractiveShell
  File "C:\Spyder\envs\webpython\lib\site-packages\IPython\core\interactiveshell.py", line 198, in <module>
    class InteractiveShell(SingletonConfigurable):
  File "C:\Spyder\envs\webpython\lib\site-packages\IPython\core\interactiveshell.py", line 260, in InteractiveShell
    help="Set the color scheme (NoColor, Neutral, Linux, or LightBG)."
  File "C:\Spyder\envs\webpython\lib\site-packages\traitlets\traitlets.py", line 2151, in __init__
    values = [cast_unicode_py2(value) for value in values]
  File "C:\Spyder\envs\webpython\lib\site-packages\ipython_genutils\py3compat.py", line 26, in cast_unicode
    return decode(s, encoding)
  File "C:\Spyder\envs\webpython\lib\site-packages\ipython_genutils\py3compat.py", line 17, in decode
    return s.decode(encoding, "replace")
LookupError: unknown encoding: cp65001
